# JRE version: OpenJDK Runtime Environment (8.0_152-b01) (build 1.8.0_152-release-915-b01)
# Java VM: OpenJDK Server VM (25.152-b01 mixed mode windows-x86 )
Heap:
 def new generation   total 30720K, used 6940K [0x11000000, 0x13150000, 0x26550000)
  eden space 27328K,  15% used [0x11000000, 0x11401c38, 0x12ab0000)
  from space 3392K,  83% used [0x12e00000, 0x130c5558, 0x13150000)
  to   space 3392K,   0% used [0x12ab0000, 0x12ab0000, 0x12e00000)
 tenured generation   total 68084K, used 63748K [0x26550000, 0x2a7cd000, 0x51000000)
   the space 68084K,  93% used [0x26550000, 0x2a391330, 0x2a391400, 0x2a7cd000)
 Metaspace       used 45191K, capacity 46670K, committed 46720K, reserved 47488K
GC Heap History (10 events):
Event: 350.814 GC heap before
{Heap before GC invocations=92 (full 4):
 def new generation   total 30720K, used 29963K [0x11000000, 0x13150000, 0x26550000)
  eden space 27328K, 100% used [0x11000000, 0x12ab0000, 0x12ab0000)
  from space 3392K,  77% used [0x12ab0000, 0x12d42fd0, 0x12e00000)
  to   space 3392K,   0% used [0x12e00000, 0x12e00000, 0x13150000)
 tenured generation   total 68084K, used 53603K [0x26550000, 0x2a7cd000, 0x51000000)
   the space 68084K,  78% used [0x26550000, 0x299a8e58, 0x299a9000, 0x2a7cd000)
 Metaspace       used 44554K, capacity 45996K, committed 46080K, reserved 46464K
Event: 350.839 GC heap after
Heap after GC invocations=93 (full 4):
 def new generation   total 30720K, used 1214K [0x11000000, 0x13150000, 0x26550000)
  eden space 27328K,   0% used [0x11000000, 0x11000000, 0x12ab0000)
  from space 3392K,  35% used [0x12e00000, 0x12f2fb88, 0x13150000)
  to   space 3392K,   0% used [0x12ab0000, 0x12ab0000, 0x12e00000)
 tenured generation   total 68084K, used 55843K [0x26550000, 0x2a7cd000, 0x51000000)
   the space 68084K,  82% used [0x26550000, 0x29bd8e78, 0x29bd9000, 0x2a7cd000)
 Metaspace       used 44554K, capacity 45996K, committed 46080K, reserved 46464K
}
Event: 351.245 GC heap before
{Heap before GC invocations=93 (full 4):
 def new generation   total 30720K, used 28542K [0x11000000, 0x13150000, 0x26550000)
  eden space 27328K, 100% used [0x11000000, 0x12ab0000, 0x12ab0000)
  from space 3392K,  35% used [0x12e00000, 0x12f2fb88, 0x13150000)
  to   space 3392K,   0% used [0x12ab0000, 0x12ab0000, 0x12e00000)
 tenured generation   total 68084K, used 55843K [0x26550000, 0x2a7cd000, 0x51000000)
   the space 68084K,  82% used [0x26550000, 0x29bd8e78, 0x29bd9000, 0x2a7cd000)
 Metaspace       used 44557K, capacity 45996K, committed 46080K, reserved 46464K
Event: 351.257 GC heap after
Heap after GC invocations=94 (full 4):
 def new generation   total 30720K, used 1629K [0x11000000, 0x13150000, 0x26550000)
  eden space 27328K,   0% used [0x11000000, 0x11000000, 0x12ab0000)
  from space 3392K,  48% used [0x12ab0000, 0x12c47498, 0x12e00000)
  to   space 3392K,   0% used [0x12e00000, 0x12e00000, 0x13150000)
 tenured generation   total 68084K, used 55843K [0x26550000, 0x2a7cd000, 0x51000000)
   the space 68084K,  82% used [0x26550000, 0x29bd8e78, 0x29bd9000, 0x2a7cd000)
 Metaspace       used 44557K, capacity 45996K, committed 46080K, reserved 46464K
}
Event: 356.593 GC heap before
{Heap before GC invocations=94 (full 4):
 def new generation   total 30720K, used 28957K [0x11000000, 0x13150000, 0x26550000)
  eden space 27328K, 100% used [0x11000000, 0x12ab0000, 0x12ab0000)
  from space 3392K,  48% used [0x12ab0000, 0x12c47498, 0x12e00000)
  to   space 3392K,   0% used [0x12e00000, 0x12e00000, 0x13150000)
 tenured generation   total 68084K, used 55843K [0x26550000, 0x2a7cd000, 0x51000000)
   the space 68084K,  82% used [0x26550000, 0x29bd8e78, 0x29bd9000, 0x2a7cd000)
 Metaspace       used 44756K, capacity 46238K, committed 46336K, reserved 46464K
Event: 356.623 GC heap after
Heap after GC invocations=95 (full 4):
 def new generation   total 30720K, used 3392K [0x11000000, 0x13150000, 0x26550000)
  eden space 27328K,   0% used [0x11000000, 0x11000000, 0x12ab0000)
  from space 3392K, 100% used [0x12e00000, 0x13150000, 0x13150000)
  to   space 3392K,   0% used [0x12ab0000, 0x12ab0000, 0x12e00000)
 tenured generation   total 68084K, used 56401K [0x26550000, 0x2a7cd000, 0x51000000)
   the space 68084K,  82% used [0x26550000, 0x29c645a0, 0x29c64600, 0x2a7cd000)
 Metaspace       used 44756K, capacity 46238K, committed 46336K, reserved 46464K
}
Event: 371.703 GC heap before
{Heap before GC invocations=95 (full 4):
 def new generation   total 30720K, used 30720K [0x11000000, 0x13150000, 0x26550000)
  eden space 27328K, 100% used [0x11000000, 0x12ab0000, 0x12ab0000)
  from space 3392K, 100% used [0x12e00000, 0x13150000, 0x13150000)
  to   space 3392K,   0% used [0x12ab0000, 0x12ab0000, 0x12e00000)
 tenured generation   total 68084K, used 56401K [0x26550000, 0x2a7cd000, 0x51000000)
   the space 68084K,  82% used [0x26550000, 0x29c645a0, 0x29c64600, 0x2a7cd000)
 Metaspace       used 44794K, capacity 46307K, committed 46336K, reserved 46464K
Event: 371.768 GC heap after
Heap after GC invocations=96 (full 4):
 def new generation   total 30720K, used 3392K [0x11000000, 0x13150000, 0x26550000)
  eden space 27328K,   0% used [0x11000000, 0x11000000, 0x12ab0000)
  from space 3392K, 100% used [0x12ab0000, 0x12e00000, 0x12e00000)
  to   space 3392K,   0% used [0x12e00000, 0x12e00000, 0x13150000)
 tenured generation   total 68084K, used 60405K [0x26550000, 0x2a7cd000, 0x51000000)
   the space 68084K,  88% used [0x26550000, 0x2a04d648, 0x2a04d800, 0x2a7cd000)
 Metaspace       used 44794K, capacity 46307K, committed 46336K, reserved 46464K
}
Event: 375.127 GC heap before
{Heap before GC invocations=96 (full 4):
 def new generation   total 30720K, used 30720K [0x11000000, 0x13150000, 0x26550000)
  eden space 27328K, 100% used [0x11000000, 0x12ab0000, 0x12ab0000)
  from space 3392K, 100% used [0x12ab0000, 0x12e00000, 0x12e00000)
  to   space 3392K,   0% used [0x12e00000, 0x12e00000, 0x13150000)
 tenured generation   total 68084K, used 60405K [0x26550000, 0x2a7cd000, 0x51000000)
   the space 68084K,  88% used [0x26550000, 0x2a04d648, 0x2a04d800, 0x2a7cd000)
 Metaspace       used 45011K, capacity 46507K, committed 46592K, reserved 47488K
Event: 375.166 GC heap after
Heap after GC invocations=97 (full 4):
 def new generation   total 30720K, used 2837K [0x11000000, 0x13150000, 0x26550000)
  eden space 27328K,   0% used [0x11000000, 0x11000000, 0x12ab0000)
  from space 3392K,  83% used [0x12e00000, 0x130c5558, 0x13150000)
  to   space 3392K,   0% used [0x12ab0000, 0x12ab0000, 0x12e00000)
 tenured generation   total 68084K, used 63748K [0x26550000, 0x2a7cd000, 0x51000000)
   the space 68084K,  93% used [0x26550000, 0x2a391330, 0x2a391400, 0x2a7cd000)
 Metaspace       used 45011K, capacity 46507K, committed 46592K, reserved 47488K
}

